Arguments: 
  C:\Program Files\nodejs\node.exe C:\Program Files (x86)\Yarn\bin\yarn.js start

PATH: 
  C:\ProgramData\DockerDesktop\version-bin;C:\Program Files\Docker\Docker\Resources\bin;C:\Program Files (x86)\Common Files\Oracle\Java\javapath;C:\Program Files (x86)\Intel\iCLS Client\;C:\Program Files\Intel\iCLS Client\;C:\WINDOWS\system32;C:\WINDOWS;C:\WINDOWS\System32\Wbem;C:\WINDOWS\System32\WindowsPowerShell\v1.0\;C:\WINDOWS\System32\OpenSSH\;C:\Program Files\Microsoft VS Code\bin;C:\Program Files\Intel\Intel(R) Management Engine Components\DAL;C:\Program Files (x86)\Intel\Intel(R) Management Engine Components\DAL;C:\Program Files\Intel\Intel(R) Management Engine Components\IPT;C:\Program Files (x86)\Intel\Intel(R) Management Engine Components\IPT;C:\Program Files\nodejs\;C:\Program Files\PuTTY\;C:\Program Files\Microsoft SQL Server\110\Tools\Binn\;C:\ProgramData\chocolatey\bin;C:\Program Files (x86)\Yarn\bin\;C:\Program Files\Git\cmd;C:\Program Files (x86)\Brackets\command;C:\Users\FelipeMorais\Anaconda3;C:\Users\FelipeMorais\Anaconda3\Library\mingw-w64\bin;C:\Users\FelipeMorais\Anaconda3\Library\usr\bin;C:\Users\FelipeMorais\Anaconda3\Library\bin;C:\Users\FelipeMorais\Anaconda3\Scripts;C:\Users\FelipeMorais\AppData\Local\Microsoft\WindowsApps;C:\Users\FelipeMorais\AppData\Roaming\npm;C:\MongoDB\bin;C:\Program Files\heroku\bin;C:\Users\FelipeMorais\AppData\Local\Yarn\bin;C:\Users\FelipeMorais\AppData\Local\hyper\app-2.1.2\resources\bin;

Yarn version: 
  1.13.0

Node version: 
  10.15.1

Platform: 
  win32 x64

Trace: 
  TypeError: Cannot use 'in' operator to search for 'start' in node index.js
      at C:\Program Files (x86)\Yarn\lib\cli.js:60450:34
      at Generator.next (<anonymous>)
      at step (C:\Program Files (x86)\Yarn\lib\cli.js:304:30)
      at C:\Program Files (x86)\Yarn\lib\cli.js:322:14
      at new Promise (<anonymous>)
      at new F (C:\Program Files (x86)\Yarn\lib\cli.js:5228:28)
      at C:\Program Files (x86)\Yarn\lib\cli.js:301:12
      at runCommand (C:\Program Files (x86)\Yarn\lib\cli.js:60522:23)
      at Object.<anonymous> (C:\Program Files (x86)\Yarn\lib\cli.js:60621:14)
      at Generator.next (<anonymous>)

npm manifest: 
  {
    "name": "SNMP_Impressoras",
    "version": "1.0.0",
    "main": "index.js",
    "license": "MIT",
    "dependencies": {
      "net-snmp": "^1.2.4"
    },
    "scripts": "node index.js"
  }

yarn manifest: 
  No manifest

Lockfile: 
  # THIS IS AN AUTOGENERATED FILE. DO NOT EDIT THIS FILE DIRECTLY.
  # yarn lockfile v1
  
  
  asn1-ber@*:
    version "1.0.9"
    resolved "https://registry.yarnpkg.com/asn1-ber/-/asn1-ber-1.0.9.tgz#0f48f709d9f9a953e18cfe2b8a62a6c926c5451a"
    integrity sha512-XJP9p/wm5uW4KFLswZ9PmdUpLMRrbq28ak3XxLFWSkBtmJOSfiBrbrZyR6X24+lZvOA+usP6Gd5LyjRaJzMAEw==
  
  net-snmp@^1.2.4:
    version "1.2.4"
    resolved "https://registry.yarnpkg.com/net-snmp/-/net-snmp-1.2.4.tgz#9db6dd9338e24a1eff0ce2cdb530ee77c1c9fd61"
    integrity sha512-DSmp0AGMRw3iRZ3HwuG+BBUk6nTlQuKQgdwQdnbwjkrQwNFY5l8c4QgPiJbogNifyX40+S43hDuH26dsSz/DZQ==
    dependencies:
      asn1-ber "*"
